土東ア아
土東イ이
土東ウ우
土東エ에
土東オ오
土東カ카
土東キ키
土東ク쿠
土東ケ케
土東コ코
土東サ사
土東シ시
土東ス스
土東セ세
土東ソ소
土東タ타
土東チ치
土東ツ츠
土東テ테
土東ト토
土東ナ나
土東ニ티
土東ヌ누
土東ネ네
土東ノ노
土東ハ하
土東ヒ히
土東フ후
土東ヘ헤
土東ホ호
土東マ마
土東ミ미
土東ム무
土東メ메
土東モ모
土東ヤ야
土東ユ유
土東ヨ요
土西あ아
土西い이
土西う우
土西え에
土西お오
土西か카
土西き키
土西く쿠
土西け케
土西こ코
土西さ사
土西し시
土西す스
土西せ세
土西そ소
土西た타
土西ち치
土西つ츠
土西て테
土西と토
土西な나
土西に티
土西ぬ누
土西ね네
土西の노
土西は하
土西ひ히
土西ふ후
土西へ헤
土西ほ호
土西ま마
土西み미
土西む무
土西め메

日東ア아
日東イ이
日東ウ우
日東エ에
日東オ오
日東カ카
日東キ키
日東ク쿠
日東ケ케
日東コ코
日東サ사
日東シ시
日東ス스
日東セ세
日東ソ소
日東タ타
日東チ치
日東ツ츠
日東テ테
日東ト토
日東ナ나
日東ニ니
日東ヌ누
日東ネ네
日東ノ노
日東ハ하
日東ヒ히
日東フ후
日東ヘ헤
日東ホ호
日東マ마
日東ミ미
日東ム무
日東メ메
日東モ모
日東ヤ야
日東ユ유
日西あ아
日西い이
日西う우
日西え에
日西お오
日西か카
日西き키
日西く쿠
日西け케
日西こ코
日西さ사
日西し시
日西す스
日西せ세
日西そ소
日西た타
日西ち치
日西つ츠
日西て테
日西と토
日西な나
日西に니
日西ぬ누
日西ね네
日西の노
日西は하
日西ひ히
日西ふ후
日西へ헤
日西ほ호
日西ま마
日西み미
日西む무
日西め메